2025-08-01 11:04:41,633 - INFO - Received request: GET http://localhost:8000/docs
2025-08-01 11:04:41,634 - INFO - Response status: 200
2025-08-01 11:04:42,508 - INFO - Received request: GET http://localhost:8000/openapi.json
2025-08-01 11:04:42,508 - INFO - Response status: 200
2025-08-01 11:04:52,727 - INFO - Received request: GET http://localhost:8000/openapi.json
2025-08-01 11:04:52,728 - INFO - Response status: 200
2025-08-01 11:04:52,761 - INFO - Received request: GET http://localhost:8000/favicon.ico
2025-08-01 11:04:52,762 - INFO - Response status: 404
2025-08-01 11:06:00,076 - INFO - Received request: GET http://localhost:8000/docs
2025-08-01 11:06:00,077 - INFO - Response status: 200
2025-08-01 11:06:00,263 - INFO - Received request: GET http://localhost:8000/openapi.json
2025-08-01 11:06:00,264 - INFO - Response status: 200
2025-08-01 11:06:47,121 - INFO - Received request: GET http://localhost:8000/docs
2025-08-01 11:06:47,122 - INFO - Response status: 200
2025-08-01 11:06:47,214 - INFO - Received request: GET http://localhost:8000/openapi.json
2025-08-01 11:06:47,214 - INFO - Response status: 200
2025-08-01 11:06:51,252 - INFO - Received request: GET http://localhost:8000/docs
2025-08-01 11:06:51,253 - INFO - Response status: 200
2025-08-01 11:06:51,342 - INFO - Received request: GET http://localhost:8000/openapi.json
2025-08-01 11:06:51,342 - INFO - Response status: 200
2025-08-01 11:07:29,909 - INFO - Received request: GET http://localhost:8000/docs
2025-08-01 11:07:29,910 - INFO - Response status: 200
2025-08-01 11:07:30,001 - INFO - Received request: GET http://localhost:8000/openapi.json
2025-08-01 11:07:30,001 - INFO - Response status: 200
2025-08-01 11:07:35,472 - INFO - Received request: GET http://localhost:8000/openapi.json
2025-08-01 11:07:35,472 - INFO - Response status: 200
2025-08-01 11:07:35,496 - INFO - Received request: GET http://localhost:8000/favicon.ico
2025-08-01 11:07:35,496 - INFO - Response status: 404
2025-08-01 11:08:12,073 - INFO - Received request: GET http://localhost:8000/
2025-08-01 11:08:12,074 - INFO - Response status: 404
2025-08-01 11:08:12,100 - INFO - Received request: GET http://localhost:8000/favicon.ico
2025-08-01 11:08:12,101 - INFO - Response status: 404
2025-08-01 11:08:27,638 - INFO - Received request: GET http://localhost:8000/some_additional_prefix
2025-08-01 11:08:27,638 - INFO - Response status: 404
2025-08-01 11:08:27,658 - INFO - Received request: GET http://localhost:8000/favicon.ico
2025-08-01 11:08:27,658 - INFO - Response status: 404
2025-08-01 11:08:54,082 - INFO - Received request: GET http://localhost:8000/some_additional_prefix/method
2025-08-01 11:08:54,083 - INFO - Response status: 404
2025-08-01 11:08:54,099 - INFO - Received request: GET http://localhost:8000/favicon.ico
2025-08-01 11:08:54,100 - INFO - Response status: 404
2025-08-01 11:11:00,565 - INFO - Received request: GET http://localhost:8000/pre/method
2025-08-01 11:11:00,566 - INFO - Response status: 405
2025-08-01 11:11:00,579 - INFO - Received request: GET http://localhost:8000/favicon.ico
2025-08-01 11:11:00,579 - INFO - Response status: 404
2025-08-01 11:11:49,950 - INFO - Received request: GET http://localhost:8000/docs
2025-08-01 11:11:49,950 - INFO - Response status: 200
2025-08-01 11:11:50,039 - INFO - Received request: GET http://localhost:8000/openapi.json
2025-08-01 11:11:50,040 - INFO - Response status: 200
